# JRE version: Java(TM) SE Runtime Environment 18.9 (11.0.12+8) (build 11.0.12+8-LTS-237)
# Java VM: Java HotSpot(TM) 64-Bit Server VM 18.9 (11.0.12+8-LTS-237, mixed mode, tiered, compressed oops, g1 gc, windows-amd64)
Heap:
 garbage-first heap   total 262144K, used 55332K [0x0000000701800000, 0x0000000800000000)
  region size 1024K, 49 young (50176K), 3 survivors (3072K)
 Metaspace       used 24596K, capacity 25228K, committed 25520K, reserved 1071104K
  class space    used 2742K, capacity 2998K, committed 3072K, reserved 1048576K
GC Heap History (6 events):
Event: 0.765 GC heap before
{Heap before GC invocations=0 (full 0):
 garbage-first heap   total 262144K, used 24576K [0x0000000701800000, 0x0000000800000000)
  region size 1024K, 24 young (24576K), 0 survivors (0K)
 Metaspace       used 10551K, capacity 10759K, committed 10880K, reserved 1058816K
  class space    used 993K, capacity 1059K, committed 1152K, reserved 1048576K
}
Event: 0.768 GC heap after
{Heap after GC invocations=1 (full 0):
 garbage-first heap   total 262144K, used 7879K [0x0000000701800000, 0x0000000800000000)
  region size 1024K, 3 young (3072K), 3 survivors (3072K)
 Metaspace       used 10551K, capacity 10759K, committed 10880K, reserved 1058816K
  class space    used 993K, capacity 1059K, committed 1152K, reserved 1048576K
}
Event: 1.489 GC heap before
{Heap before GC invocations=1 (full 0):
 garbage-first heap   total 262144K, used 30407K [0x0000000701800000, 0x0000000800000000)
  region size 1024K, 25 young (25600K), 3 survivors (3072K)
 Metaspace       used 16126K, capacity 16536K, committed 16768K, reserved 1064960K
  class space    used 1710K, capacity 1868K, committed 1920K, reserved 1048576K
}
Event: 1.493 GC heap after
{Heap after GC invocations=2 (full 0):
 garbage-first heap   total 262144K, used 9481K [0x0000000701800000, 0x0000000800000000)
  region size 1024K, 2 young (2048K), 2 survivors (2048K)
 Metaspace       used 16126K, capacity 16536K, committed 16768K, reserved 1064960K
  class space    used 1710K, capacity 1868K, committed 1920K, reserved 1048576K
}
Event: 2.003 GC heap before
{Heap before GC invocations=2 (full 0):
 garbage-first heap   total 262144K, used 34057K [0x0000000701800000, 0x0000000800000000)
  region size 1024K, 27 young (27648K), 2 survivors (2048K)
 Metaspace       used 20580K, capacity 21158K, committed 21296K, reserved 1069056K
  class space    used 2209K, capacity 2409K, committed 2432K, reserved 1048576K
}
Event: 2.007 GC heap after
{Heap after GC invocations=3 (full 0):
 garbage-first heap   total 262144K, used 10276K [0x0000000701800000, 0x0000000800000000)
  region size 1024K, 3 young (3072K), 3 survivors (3072K)
 Metaspace       used 20580K, capacity 21158K, committed 21296K, reserved 1069056K
  class space    used 2209K, capacity 2409K, committed 2432K, reserved 1048576K
}

