# JRE version: Java(TM) SE Runtime Environment 18.9 (11.0.12+8) (build 11.0.12+8-LTS-237)
# Java VM: Java HotSpot(TM) 64-Bit Server VM 18.9 (11.0.12+8-LTS-237, mixed mode, tiered, compressed oops, g1 gc, windows-amd64)
Heap:
 garbage-first heap   total 262144K, used 42034K [0x0000000701800000, 0x0000000800000000)
  region size 1024K, 35 young (35840K), 6 survivors (6144K)
 Metaspace       used 31779K, capacity 32678K, committed 32944K, reserved 1079296K
  class space    used 3641K, capacity 3984K, committed 4096K, reserved 1048576K
GC Heap History (8 events):
Event: 0.591 GC heap before
{Heap before GC invocations=0 (full 0):
 garbage-first heap   total 262144K, used 25600K [0x0000000701800000, 0x0000000800000000)
  region size 1024K, 24 young (24576K), 0 survivors (0K)
 Metaspace       used 10545K, capacity 10755K, committed 10880K, reserved 1058816K
  class space    used 993K, capacity 1059K, committed 1152K, reserved 1048576K
}
Event: 0.595 GC heap after
{Heap after GC invocations=1 (full 0):
 garbage-first heap   total 262144K, used 7824K [0x0000000701800000, 0x0000000800000000)
  region size 1024K, 3 young (3072K), 3 survivors (3072K)
 Metaspace       used 10545K, capacity 10755K, committed 10880K, reserved 1058816K
  class space    used 993K, capacity 1059K, committed 1152K, reserved 1048576K
}
Event: 1.197 GC heap before
{Heap before GC invocations=1 (full 0):
 garbage-first heap   total 262144K, used 54928K [0x0000000701800000, 0x0000000800000000)
  region size 1024K, 50 young (51200K), 3 survivors (3072K)
 Metaspace       used 20599K, capacity 21155K, committed 21296K, reserved 1069056K
  class space    used 2209K, capacity 2409K, committed 2432K, reserved 1048576K
}
Event: 1.203 GC heap after
{Heap after GC invocations=2 (full 0):
 garbage-first heap   total 262144K, used 9928K [0x0000000701800000, 0x0000000800000000)
  region size 1024K, 6 young (6144K), 6 survivors (6144K)
 Metaspace       used 20599K, capacity 21155K, committed 21296K, reserved 1069056K
  class space    used 2209K, capacity 2409K, committed 2432K, reserved 1048576K
}
Event: 1.532 GC heap before
{Heap before GC invocations=3 (full 0):
 garbage-first heap   total 262144K, used 56008K [0x0000000701800000, 0x0000000800000000)
  region size 1024K, 52 young (53248K), 6 survivors (6144K)
 Metaspace       used 24541K, capacity 25165K, committed 25264K, reserved 1071104K
  class space    used 2735K, capacity 2998K, committed 3072K, reserved 1048576K
}
Event: 1.538 GC heap after
{Heap after GC invocations=4 (full 0):
 garbage-first heap   total 262144K, used 11416K [0x0000000701800000, 0x0000000800000000)
  region size 1024K, 4 young (4096K), 4 survivors (4096K)
 Metaspace       used 24541K, capacity 25165K, committed 25264K, reserved 1071104K
  class space    used 2735K, capacity 2998K, committed 3072K, reserved 1048576K
}
Event: 2.233 GC heap before
{Heap before GC invocations=4 (full 0):
 garbage-first heap   total 262144K, used 81048K [0x0000000701800000, 0x0000000800000000)
  region size 1024K, 73 young (74752K), 4 survivors (4096K)
 Metaspace       used 28552K, capacity 29281K, committed 29360K, reserved 1075200K
  class space    used 3217K, capacity 3528K, committed 3584K, reserved 1048576K
}
Event: 2.238 GC heap after
{Heap after GC invocations=5 (full 0):
 garbage-first heap   total 262144K, used 13362K [0x0000000701800000, 0x0000000800000000)
  region size 1024K, 6 young (6144K), 6 survivors (6144K)
 Metaspace       used 28552K, capacity 29281K, committed 29360K, reserved 1075200K
  class space    used 3217K, capacity 3528K, committed 3584K, reserved 1048576K
}

