# JRE version: Java(TM) SE Runtime Environment 18.9 (11.0.12+8) (build 11.0.12+8-LTS-237)
# Java VM: Java HotSpot(TM) 64-Bit Server VM 18.9 (11.0.12+8-LTS-237, mixed mode, tiered, compressed oops, g1 gc, windows-amd64)
Heap:
 garbage-first heap   total 262144K, used 31449K [0x0000000701800000, 0x0000000800000000)
  region size 1024K, 27 young (27648K), 4 survivors (4096K)
 Metaspace       used 25117K, capacity 25736K, committed 25984K, reserved 1073152K
  class space    used 2830K, capacity 3083K, committed 3200K, reserved 1048576K
GC Heap History (6 events):
Event: 0.957 GC heap before
{Heap before GC invocations=0 (full 0):
 garbage-first heap   total 262144K, used 24576K [0x0000000701800000, 0x0000000800000000)
  region size 1024K, 24 young (24576K), 0 survivors (0K)
 Metaspace       used 11197K, capacity 11433K, committed 11776K, reserved 1060864K
  class space    used 1095K, capacity 1176K, committed 1280K, reserved 1048576K
}
Event: 0.962 GC heap after
{Heap after GC invocations=1 (full 0):
 garbage-first heap   total 262144K, used 6810K [0x0000000701800000, 0x0000000800000000)
  region size 1024K, 3 young (3072K), 3 survivors (3072K)
 Metaspace       used 11197K, capacity 11433K, committed 11776K, reserved 1060864K
  class space    used 1095K, capacity 1176K, committed 1280K, reserved 1048576K
}
Event: 2.129 GC heap before
{Heap before GC invocations=1 (full 0):
 garbage-first heap   total 262144K, used 50842K [0x0000000701800000, 0x0000000800000000)
  region size 1024K, 47 young (48128K), 3 survivors (3072K)
 Metaspace       used 20595K, capacity 21152K, committed 21248K, reserved 1069056K
  class space    used 2245K, capacity 2473K, committed 2560K, reserved 1048576K
}
Event: 2.143 GC heap after
{Heap after GC invocations=2 (full 0):
 garbage-first heap   total 262144K, used 8896K [0x0000000701800000, 0x0000000800000000)
  region size 1024K, 6 young (6144K), 6 survivors (6144K)
 Metaspace       used 20595K, capacity 21152K, committed 21248K, reserved 1069056K
  class space    used 2245K, capacity 2473K, committed 2560K, reserved 1048576K
}
Event: 2.560 GC heap before
{Heap before GC invocations=3 (full 0):
 garbage-first heap   total 262144K, used 58048K [0x0000000701800000, 0x0000000800000000)
  region size 1024K, 55 young (56320K), 6 survivors (6144K)
 Metaspace       used 24181K, capacity 24787K, committed 25088K, reserved 1071104K
  class space    used 2724K, capacity 2961K, committed 3072K, reserved 1048576K
}
Event: 2.569 GC heap after
{Heap after GC invocations=4 (full 0):
 garbage-first heap   total 262144K, used 9945K [0x0000000701800000, 0x0000000800000000)
  region size 1024K, 4 young (4096K), 4 survivors (4096K)
 Metaspace       used 24181K, capacity 24787K, committed 25088K, reserved 1071104K
  class space    used 2724K, capacity 2961K, committed 3072K, reserved 1048576K
}

